Using pre-set license
Built from '6000.0/release' branch; Version is '6000.0.44f1 (101c91f3a8fb) revision 1055889'; Using compiler version '193933523'; Build Type 'Release'
OS: 'Windows 11  (10.0.26100) 64bit Professional' Language: 'en' Physical Memory: 32558 MB
BatchMode: 1, IsHumanControllingUs: 0, StartBugReporterOnCrash: 0, Is64bit: 1, IsPro: 1

COMMAND LINE ARGUMENTS:
C:\Program Files\Unity\Hub\Editor\6000.0.44f1\Editor\Unity.exe
-adb2
-batchMode
-noUpm
-name
AssetImportWorker0
-projectPath
D:/Felix/Projects/3DIA/unity-experiment-framework
-logFile
Logs/AssetImportWorker0.log
-srvPort
50479
-job-worker-count
7
-background-job-worker-count
8
-gc-helper-count
1
Successfully changed project path to: D:/Felix/Projects/3DIA/unity-experiment-framework
D:/Felix/Projects/3DIA/unity-experiment-framework
[UnityMemory] Configuration Parameters - Can be set up in boot.config
    "memorysetup-bucket-allocator-granularity=16"
    "memorysetup-bucket-allocator-bucket-count=8"
    "memorysetup-bucket-allocator-block-size=33554432"
    "memorysetup-bucket-allocator-block-count=8"
    "memorysetup-main-allocator-block-size=16777216"
    "memorysetup-thread-allocator-block-size=16777216"
    "memorysetup-gfx-main-allocator-block-size=16777216"
    "memorysetup-gfx-thread-allocator-block-size=16777216"
    "memorysetup-cache-allocator-block-size=4194304"
    "memorysetup-typetree-allocator-block-size=2097152"
    "memorysetup-profiler-bucket-allocator-granularity=16"
    "memorysetup-profiler-bucket-allocator-bucket-count=8"
    "memorysetup-profiler-bucket-allocator-block-size=33554432"
    "memorysetup-profiler-bucket-allocator-block-count=8"
    "memorysetup-profiler-allocator-block-size=16777216"
    "memorysetup-profiler-editor-allocator-block-size=1048576"
    "memorysetup-temp-allocator-size-main=16777216"
    "memorysetup-job-temp-allocator-block-size=2097152"
    "memorysetup-job-temp-allocator-block-size-background=1048576"
    "memorysetup-job-temp-allocator-reduction-small-platforms=262144"
    "memorysetup-allocator-temp-initial-block-size-main=262144"
    "memorysetup-allocator-temp-initial-block-size-worker=262144"
    "memorysetup-temp-allocator-size-background-worker=32768"
    "memorysetup-temp-allocator-size-job-worker=262144"
    "memorysetup-temp-allocator-size-preload-manager=33554432"
    "memorysetup-temp-allocator-size-nav-mesh-worker=65536"
    "memorysetup-temp-allocator-size-audio-worker=65536"
    "memorysetup-temp-allocator-size-cloud-worker=32768"
    "memorysetup-temp-allocator-size-gi-baking-worker=262144"
    "memorysetup-temp-allocator-size-gi-baking-worker=262144"
    "memorysetup-temp-allocator-size-gi-baking-worker=262144"
    "memorysetup-temp-allocator-size-gi-baking-worker=262144"
    "memorysetup-temp-allocator-size-gi-baking-worker=262144"
    "memorysetup-temp-allocator-size-gfx=262144"
Player connection [5564]  Target information:

Player connection [5564]  * "[IP] 141.14.225.99 [Port] 0 [Flags] 2 [Guid] 2539442484 [EditorId] 2539442484 [Version] 1048832 [Id] WindowsEditor(7,LAPTOP-GFV8QQIK) [Debug] 1 [PackageName] WindowsEditor [ProjectName] Editor" 

Player connection [5564] Host joined multi-casting on [225.0.0.222:54997]...
Player connection [5564] Host joined alternative multi-casting on [225.0.0.222:34997]...
JobSystem: Creating JobQueue using job-worker-count value 7
Input System module state changed to: Initialized.
[Physics::Module] Initialized fallback backend.
[Physics::Module] Id: 0xdecafbad
Library Redirect Path: Library/
[Physics::Module] Selected backend.
[Physics::Module] Name: PhysX
[Physics::Module] Id: 0xf2b8ea05
[Physics::Module] SDK Version: 4.1.2
[Physics::Module] Integration Version: 1.0.0
[Physics::Module] Threading Mode: Multi-Threaded
Refreshing native plugins compatible for Editor in 82.02 ms, found 2 plugins.
Preloading 0 native plugins for Editor in 0.00 ms.
Initialize engine version: 6000.0.44f1 (101c91f3a8fb)
[Subsystems] Discovering subsystems at path C:/Program Files/Unity/Hub/Editor/6000.0.44f1/Editor/Data/Resources/UnitySubsystems
[Subsystems] Discovering subsystems at path D:/Felix/Projects/3DIA/unity-experiment-framework/Assets
GfxDevice: creating device client; kGfxThreadingModeNonThreaded
Direct3D:
    Version:  Direct3D 11.0 [level 11.1]
    Renderer: NVIDIA GeForce RTX 2080 Super with Max-Q Design (ID=0x1e93)
    Vendor:   NVIDIA
    VRAM:     7987 MB
    Driver:   32.0.15.6614
Initialize mono
Mono path[0] = 'C:/Program Files/Unity/Hub/Editor/6000.0.44f1/Editor/Data/Managed'
Mono path[1] = 'C:/Program Files/Unity/Hub/Editor/6000.0.44f1/Editor/Data/MonoBleedingEdge/lib/mono/unityjit-win32'
Mono config path = 'C:/Program Files/Unity/Hub/Editor/6000.0.44f1/Editor/Data/MonoBleedingEdge/etc'
Using monoOptions --debugger-agent=transport=dt_socket,embedding=1,server=y,suspend=n,address=127.0.0.1:56852
Begin MonoManager ReloadAssembly
Registering precompiled unity dll's ...
Register platform support module: C:/Program Files/Unity/Hub/Editor/6000.0.44f1/Editor/Data/PlaybackEngines/WindowsStandaloneSupport/UnityEditor.WindowsStandalone.Extensions.dll
Register platform support module: C:/Program Files/Unity/Hub/Editor/6000.0.44f1/Editor/Data/PlaybackEngines/AndroidPlayer/UnityEditor.Android.Extensions.dll
Registered in 0.010992 seconds.
- Loaded All Assemblies, in  3.290 seconds
Native extension for Android target not found
InvalidOperationException: Cannot process request because the process (5632) has exited.
  at System.Diagnostics.Process.GetProcessHandle (System.Int32 access, System.Boolean throwIfExited) [0x0004e] in <ce414afeeb0f4550b5da58efd5c2db86>:0 
  at System.Diagnostics.Process.GetProcessHandle (System.Int32 access) [0x00000] in <ce414afeeb0f4550b5da58efd5c2db86>:0 
  at System.Diagnostics.Process.Kill () [0x00002] in <ce414afeeb0f4550b5da58efd5c2db86>:0 
  at (wrapper remoting-invoke-with-check) System.Diagnostics.Process.Kill()
  at UnityEditor.Android.AndroidDeploymentTargetsExtension.GetKnownTargets (UnityEditor.DeploymentTargets.IDeploymentTargetsMainThreadContext context, UnityEditor.ProgressHandler progressHandler) [0x00174] in /home/bokken/build/output/unity/unity/PlatformDependent/AndroidPlayer/Editor/Managed/DeploymentTargets/AndroidDeploymentTargetsExtension.cs:326 
  at UnityEditor.Android.TargetScanWorker.ScanSync () [0x00049] in /home/bokken/build/output/unity/unity/PlatformDependent/AndroidPlayer/Editor/Managed/TargetScanWorker.cs:164 
  at UnityEditor.Android.TargetExtension.OnUsbDevicesChanged (UnityEditor.Hardware.UsbDevice[] usbDevices) [0x00087] in /home/bokken/build/output/unity/unity/PlatformDependent/AndroidPlayer/Editor/Managed/ExtensionModule.cs:106 
  at UnityEditor.Android.TargetExtension.OnLoad () [0x000af] in /home/bokken/build/output/unity/unity/PlatformDependent/AndroidPlayer/Editor/Managed/ExtensionModule.cs:67 
  at UnityEditor.Modules.ModuleManager.InitializePlatformSupportModules () [0x000ba] in <0a4d86c6e1e443e4b37da89bc22f5b9c>:0 
UnityEngine.DebugLogHandler:Internal_LogException_Injected(Exception, IntPtr)
UnityEngine.DebugLogHandler:Internal_LogException(Exception, Object)
UnityEngine.DebugLogHandler:LogException(Exception, Object)
UnityEngine.Logger:LogException(Exception, Object)
UnityEngine.Debug:LogException(Exception)
UnityEditor.Modules.ModuleManager:InitializePlatformSupportModules()

(Filename: /home/bokken/build/output/unity/unity/PlatformDependent/AndroidPlayer/Editor/Managed/DeploymentTargets/AndroidDeploymentTargetsExtension.cs Line: 326)

Native extension for WindowsStandalone target not found
Mono: successfully reloaded assembly
- Finished resetting the current domain, in  3.099 seconds
Domain Reload Profiling: 6383ms
	BeginReloadAssembly (355ms)
		ExecutionOrderSort (0ms)
		DisableScriptedObjects (0ms)
		BackupInstance (0ms)
		ReleaseScriptingObjects (0ms)
		CreateAndSetChildDomain (4ms)
	RebuildCommonClasses (445ms)
	RebuildNativeTypeToScriptingClass (42ms)
	initialDomainReloadingComplete (120ms)
	LoadAllAssembliesAndSetupDomain (2320ms)
		LoadAssemblies (339ms)
		RebuildTransferFunctionScriptingTraits (0ms)
		AnalyzeDomain (2311ms)
			TypeCache.Refresh (2307ms)
				TypeCache.ScanAssembly (1299ms)
			BuildScriptInfoCaches (0ms)
			ResolveRequiredComponents (1ms)
	FinalizeReload (3100ms)
		ReleaseScriptCaches (0ms)
		RebuildScriptCaches (0ms)
		SetupLoadedEditorAssemblies (2788ms)
			LogAssemblyErrors (0ms)
			InitializePlatformSupportModulesInManaged (774ms)
			SetLoadedEditorAssemblies (10ms)
			BeforeProcessingInitializeOnLoad (170ms)
			ProcessInitializeOnLoadAttributes (650ms)
			ProcessInitializeOnLoadMethodAttributes (1182ms)
			AfterProcessingInitializeOnLoad (0ms)
			EditorAssembliesLoaded (1ms)
		ExecutionOrderSort2 (0ms)
		AwakeInstancesAfterBackupRestoration (0ms)
========================================================================
Worker process is ready to serve import requests
Import Worker Mode flag is 0x00
Begin MonoManager ReloadAssembly
Symbol file LoadedFromMemory is not a mono symbol file
- Loaded All Assemblies, in 23.894 seconds
Refreshing native plugins compatible for Editor in 4.08 ms, found 2 plugins.
Native extension for Android target not found
Native extension for WindowsStandalone target not found
Mono: successfully reloaded assembly
- Finished resetting the current domain, in  1.750 seconds
Domain Reload Profiling: 25632ms
	BeginReloadAssembly (14636ms)
		ExecutionOrderSort (0ms)
		DisableScriptedObjects (423ms)
		BackupInstance (0ms)
		ReleaseScriptingObjects (0ms)
		CreateAndSetChildDomain (9437ms)
	RebuildCommonClasses (400ms)
	RebuildNativeTypeToScriptingClass (80ms)
	initialDomainReloadingComplete (636ms)
	LoadAllAssembliesAndSetupDomain (8128ms)
		LoadAssemblies (8639ms)
		RebuildTransferFunctionScriptingTraits (0ms)
		AnalyzeDomain (3356ms)
			TypeCache.Refresh (3268ms)
				TypeCache.ScanAssembly (2553ms)
			BuildScriptInfoCaches (68ms)
			ResolveRequiredComponents (12ms)
	FinalizeReload (1752ms)
		ReleaseScriptCaches (0ms)
		RebuildScriptCaches (0ms)
		SetupLoadedEditorAssemblies (1471ms)
			LogAssemblyErrors (0ms)
			InitializePlatformSupportModulesInManaged (29ms)
			SetLoadedEditorAssemblies (13ms)
			BeforeProcessingInitializeOnLoad (236ms)
			ProcessInitializeOnLoadAttributes (657ms)
			ProcessInitializeOnLoadMethodAttributes (517ms)
			AfterProcessingInitializeOnLoad (19ms)
			EditorAssembliesLoaded (1ms)
		ExecutionOrderSort2 (0ms)
		AwakeInstancesAfterBackupRestoration (26ms)
Launched and connected shader compiler UnityShaderCompiler.exe after 0.06 seconds
Refreshing native plugins compatible for Editor in 5.57 ms, found 2 plugins.
Preloading 0 native plugins for Editor in 0.00 ms.
Unloading 7 Unused Serialized files (Serialized files now loaded: 0)
Unloading 2664 unused Assets / (0.8 MB). Loaded Objects now: 3143.
Memory consumption went from 75.8 MB to 75.1 MB.
Total: 15.773700 ms (FindLiveObjects: 0.493800 ms CreateObjectMapping: 0.424100 ms MarkObjects: 13.639200 ms  DeleteObjects: 1.215300 ms)

========================================================================
Received Import Request.
  Time since last request: 2226.104860 seconds.
  path: Assets/com.edia.uxf/VERSION.txt
  artifactKey: Guid(ee04e43df99a47541bda32ec18dfd354) Importer(815301076,1909f56bfc062723c751e8b465ee728b)
Start importing Assets/com.edia.uxf/VERSION.txt using Guid(ee04e43df99a47541bda32ec18dfd354) Importer(815301076,1909f56bfc062723c751e8b465ee728b) (PreviewImporter) -> (artifact id: '70b4e96416122f8d2aae4af3c2612979') in 0.0509853 seconds
Number of updated asset objects reloaded before import = 0Number of asset objects unloaded after import = 1

========================================================================
Received Import Request.
  Time since last request: 212.696846 seconds.
  path: Assets/com.edia.uxf/Runtime/Scripts/DataHandling
  artifactKey: Guid(a8f67455fe1c7354593e78af94047c47) Importer(815301076,1909f56bfc062723c751e8b465ee728b)
Start importing Assets/com.edia.uxf/Runtime/Scripts/DataHandling using Guid(a8f67455fe1c7354593e78af94047c47) Importer(815301076,1909f56bfc062723c751e8b465ee728b) (PreviewImporter) -> (artifact id: '40d658c220d3e0e7cf0a1cf62b0ebc6e') in 0.0007598 seconds
Number of updated asset objects reloaded before import = 0Number of asset objects unloaded after import = 0

========================================================================
Received Import Request.
  Time since last request: 6.444120 seconds.
  path: Assets/com.edia.uxf/Runtime/Scripts/DataHandling/HTTPPost.cs
  artifactKey: Guid(37d3ef49a8abdaf40af92c99696a2caa) Importer(815301076,1909f56bfc062723c751e8b465ee728b)
Start importing Assets/com.edia.uxf/Runtime/Scripts/DataHandling/HTTPPost.cs using Guid(37d3ef49a8abdaf40af92c99696a2caa) Importer(815301076,1909f56bfc062723c751e8b465ee728b) (PreviewImporter) -> (artifact id: '5a68591e75063ae80e5f18c9cc68c268') in 0.0006968 seconds
Number of updated asset objects reloaded before import = 0Number of asset objects unloaded after import = 0

========================================================================
Received Import Request.
  Time since last request: 8.663781 seconds.
  path: Assets/com.edia.uxf/Runtime/Scripts/DataHandling/WebAWSDynamoDB.cs
  artifactKey: Guid(09592b9eae60ee242bf6043521f6f9d4) Importer(815301076,1909f56bfc062723c751e8b465ee728b)
Start importing Assets/com.edia.uxf/Runtime/Scripts/DataHandling/WebAWSDynamoDB.cs using Guid(09592b9eae60ee242bf6043521f6f9d4) Importer(815301076,1909f56bfc062723c751e8b465ee728b) (PreviewImporter) -> (artifact id: '81d6886d3a9a95ba84faa561145b4d91') in 0.0006741 seconds
Number of updated asset objects reloaded before import = 0Number of asset objects unloaded after import = 0

========================================================================
Received Import Request.
  Time since last request: 57.566882 seconds.
  path: Assets/com.edia.uxf/Runtime/Scripts/Etc/HideIf
  artifactKey: Guid(90a50f5ef31786749b4c1975988445e5) Importer(815301076,1909f56bfc062723c751e8b465ee728b)
Start importing Assets/com.edia.uxf/Runtime/Scripts/Etc/HideIf using Guid(90a50f5ef31786749b4c1975988445e5) Importer(815301076,1909f56bfc062723c751e8b465ee728b) (PreviewImporter) -> (artifact id: '86d0d4bf7064433cd240a32369f5301b') in 0.000937 seconds
Number of updated asset objects reloaded before import = 0Number of asset objects unloaded after import = 0

========================================================================
Received Import Request.
  Time since last request: 1.674863 seconds.
  path: Assets/com.edia.uxf/Runtime/Scripts/Etc/HideIf/HideIfAttribute.cs
  artifactKey: Guid(d277673f78394ea4ca5884a6d2c65d99) Importer(815301076,1909f56bfc062723c751e8b465ee728b)
Start importing Assets/com.edia.uxf/Runtime/Scripts/Etc/HideIf/HideIfAttribute.cs using Guid(d277673f78394ea4ca5884a6d2c65d99) Importer(815301076,1909f56bfc062723c751e8b465ee728b) (PreviewImporter) -> (artifact id: 'b9fbfa266deccd6c3030c697ab8d637d') in 0.0007003 seconds
Number of updated asset objects reloaded before import = 0Number of asset objects unloaded after import = 0

========================================================================
Received Import Request.
  Time since last request: 26.105601 seconds.
  path: Assets/com.edia.uxf/Runtime/Scripts/UI/Form
  artifactKey: Guid(e3e5db7131061454bb29dcd1e09b62a4) Importer(815301076,1909f56bfc062723c751e8b465ee728b)
Start importing Assets/com.edia.uxf/Runtime/Scripts/UI/Form using Guid(e3e5db7131061454bb29dcd1e09b62a4) Importer(815301076,1909f56bfc062723c751e8b465ee728b) (PreviewImporter) -> (artifact id: '1973a4f73027f7ef018b0bc8ef177f96') in 0.0006931 seconds
Number of updated asset objects reloaded before import = 0Number of asset objects unloaded after import = 0

========================================================================
Received Import Request.
  Time since last request: 11.058116 seconds.
  path: Assets/com.edia.uxf/Runtime/Plugins/Ookii.Dialogs.dll
  artifactKey: Guid(f835878ba2858c54e831a102ba331e0e) Importer(815301076,1909f56bfc062723c751e8b465ee728b)
Start importing Assets/com.edia.uxf/Runtime/Plugins/Ookii.Dialogs.dll using Guid(f835878ba2858c54e831a102ba331e0e) Importer(815301076,1909f56bfc062723c751e8b465ee728b) (PreviewImporter) -> (artifact id: '5aa20e9b07f5a555b7096665e4261ea3') in 0.0009744 seconds
Number of updated asset objects reloaded before import = 0Number of asset objects unloaded after import = 0

========================================================================
Received Import Request.
  Time since last request: 141.010597 seconds.
  path: Assets/StreamingAssets/multiscene.json
  artifactKey: Guid(cb27f02236c6a594b8f91230317f0de2) Importer(815301076,1909f56bfc062723c751e8b465ee728b)
Start importing Assets/StreamingAssets/multiscene.json using Guid(cb27f02236c6a594b8f91230317f0de2) Importer(815301076,1909f56bfc062723c751e8b465ee728b) (PreviewImporter) -> (artifact id: 'ce713ca6518f4fc5db615c148cf57caf') in 0.0019983 seconds
Number of updated asset objects reloaded before import = 0Number of asset objects unloaded after import = 1

========================================================================
Received Prepare
Refreshing native plugins compatible for Editor in 5.19 ms, found 2 plugins.
Preloading 0 native plugins for Editor in 0.00 ms.
Unloading 0 Unused Serialized files (Serialized files now loaded: 0)
Unloading 2642 unused Assets / (0.6 MB). Loaded Objects now: 3144.
Memory consumption went from 74.4 MB to 73.7 MB.
Total: 24.905400 ms (FindLiveObjects: 0.571700 ms CreateObjectMapping: 0.673800 ms MarkObjects: 22.576900 ms  DeleteObjects: 1.081200 ms)

Prepare: number of updated asset objects reloaded= 0
========================================================================
Received Prepare
Begin MonoManager ReloadAssembly
Symbol file LoadedFromMemory is not a mono symbol file
- Loaded All Assemblies, in  1.027 seconds
Refreshing native plugins compatible for Editor in 4.10 ms, found 2 plugins.
Native extension for Android target not found
Native extension for WindowsStandalone target not found
Mono: successfully reloaded assembly
- Finished resetting the current domain, in  1.179 seconds
Domain Reload Profiling: 2203ms
	BeginReloadAssembly (330ms)
		ExecutionOrderSort (0ms)
		DisableScriptedObjects (13ms)
		BackupInstance (0ms)
		ReleaseScriptingObjects (0ms)
		CreateAndSetChildDomain (74ms)
	RebuildCommonClasses (73ms)
	RebuildNativeTypeToScriptingClass (26ms)
	initialDomainReloadingComplete (53ms)
	LoadAllAssembliesAndSetupDomain (542ms)
		LoadAssemblies (510ms)
		RebuildTransferFunctionScriptingTraits (0ms)
		AnalyzeDomain (216ms)
			TypeCache.Refresh (12ms)
				TypeCache.ScanAssembly (0ms)
			BuildScriptInfoCaches (192ms)
			ResolveRequiredComponents (6ms)
	FinalizeReload (1180ms)
		ReleaseScriptCaches (0ms)
		RebuildScriptCaches (0ms)
		SetupLoadedEditorAssemblies (939ms)
			LogAssemblyErrors (0ms)
			InitializePlatformSupportModulesInManaged (21ms)
			SetLoadedEditorAssemblies (6ms)
			BeforeProcessingInitializeOnLoad (152ms)
			ProcessInitializeOnLoadAttributes (433ms)
			ProcessInitializeOnLoadMethodAttributes (316ms)
			AfterProcessingInitializeOnLoad (11ms)
			EditorAssembliesLoaded (0ms)
		ExecutionOrderSort2 (0ms)
		AwakeInstancesAfterBackupRestoration (16ms)
Refreshing native plugins compatible for Editor in 4.13 ms, found 2 plugins.
Preloading 0 native plugins for Editor in 0.00 ms.
Unloading 0 Unused Serialized files (Serialized files now loaded: 0)
Unloading 2660 unused Assets / (0.7 MB). Loaded Objects now: 3144.
Memory consumption went from 75.3 MB to 74.5 MB.
Total: 17.406600 ms (FindLiveObjects: 0.430000 ms CreateObjectMapping: 0.418300 ms MarkObjects: 15.472300 ms  DeleteObjects: 1.084300 ms)

Prepare: number of updated asset objects reloaded= 0
========================================================================
Received Import Request.
  Time since last request: 71.406865 seconds.
  path: Assets/Resources/BillingMode.json
  artifactKey: Guid(679d07ba20d4c614fb40b6c569f3b429) Importer(815301076,1909f56bfc062723c751e8b465ee728b)
Start importing Assets/Resources/BillingMode.json using Guid(679d07ba20d4c614fb40b6c569f3b429) Importer(815301076,1909f56bfc062723c751e8b465ee728b) (PreviewImporter) -> (artifact id: '5270b3e3fcfd121b65f6cca9afe87569') in 0.0304311 seconds
Number of updated asset objects reloaded before import = 0Number of asset objects unloaded after import = 1

========================================================================
Received Import Request.
  Time since last request: 37.768866 seconds.
  path: Assets/WebGLTemplates/UXF WebGL 2019
  artifactKey: Guid(27aafc86bfede43d1b36997e4ae3ef73) Importer(815301076,1909f56bfc062723c751e8b465ee728b)
Start importing Assets/WebGLTemplates/UXF WebGL 2019 using Guid(27aafc86bfede43d1b36997e4ae3ef73) Importer(815301076,1909f56bfc062723c751e8b465ee728b) (PreviewImporter) -> (artifact id: '203c4714cd5d526cc9ebd2a6261ad3bf') in 0.0007557 seconds
Number of updated asset objects reloaded before import = 0Number of asset objects unloaded after import = 0

========================================================================
Received Import Request.
  Time since last request: 70.613865 seconds.
  path: Assets/Editor/ExportUFXPackage.cs
  artifactKey: Guid(bbe3b408bf10ce1479a48f8d223321d0) Importer(815301076,1909f56bfc062723c751e8b465ee728b)
Start importing Assets/Editor/ExportUFXPackage.cs using Guid(bbe3b408bf10ce1479a48f8d223321d0) Importer(815301076,1909f56bfc062723c751e8b465ee728b) (PreviewImporter) -> (artifact id: '05faac9f51aef30512bbd4c281e37211') in 0.0008315 seconds
Number of updated asset objects reloaded before import = 0Number of asset objects unloaded after import = 0

========================================================================
Received Prepare
Refreshing native plugins compatible for Editor in 6.82 ms, found 2 plugins.
Preloading 0 native plugins for Editor in 0.00 ms.
Unloading 0 Unused Serialized files (Serialized files now loaded: 0)
Unloading 2641 unused Assets / (0.9 MB). Loaded Objects now: 3143.
Memory consumption went from 75.4 MB to 74.5 MB.
Total: 18.794000 ms (FindLiveObjects: 0.569600 ms CreateObjectMapping: 0.402900 ms MarkObjects: 16.184400 ms  DeleteObjects: 1.635400 ms)

Prepare: number of updated asset objects reloaded= 0
========================================================================
Received Prepare
Begin MonoManager ReloadAssembly
Symbol file LoadedFromMemory is not a mono symbol file
- Loaded All Assemblies, in  1.022 seconds
Refreshing native plugins compatible for Editor in 3.85 ms, found 2 plugins.
Native extension for Android target not found
Native extension for WindowsStandalone target not found
Mono: successfully reloaded assembly
- Finished resetting the current domain, in  1.189 seconds
Domain Reload Profiling: 2208ms
	BeginReloadAssembly (327ms)
		ExecutionOrderSort (0ms)
		DisableScriptedObjects (12ms)
		BackupInstance (0ms)
		ReleaseScriptingObjects (0ms)
		CreateAndSetChildDomain (69ms)
	RebuildCommonClasses (72ms)
	RebuildNativeTypeToScriptingClass (25ms)
	initialDomainReloadingComplete (48ms)
	LoadAllAssembliesAndSetupDomain (546ms)
		LoadAssemblies (514ms)
		RebuildTransferFunctionScriptingTraits (0ms)
		AnalyzeDomain (223ms)
			TypeCache.Refresh (15ms)
				TypeCache.ScanAssembly (0ms)
			BuildScriptInfoCaches (198ms)
			ResolveRequiredComponents (6ms)
	FinalizeReload (1190ms)
		ReleaseScriptCaches (0ms)
		RebuildScriptCaches (0ms)
		SetupLoadedEditorAssemblies (947ms)
			LogAssemblyErrors (0ms)
			InitializePlatformSupportModulesInManaged (22ms)
			SetLoadedEditorAssemblies (9ms)
			BeforeProcessingInitializeOnLoad (162ms)
			ProcessInitializeOnLoadAttributes (434ms)
			ProcessInitializeOnLoadMethodAttributes (310ms)
			AfterProcessingInitializeOnLoad (11ms)
			EditorAssembliesLoaded (0ms)
		ExecutionOrderSort2 (0ms)
		AwakeInstancesAfterBackupRestoration (16ms)
Refreshing native plugins compatible for Editor in 3.60 ms, found 2 plugins.
Preloading 0 native plugins for Editor in 0.00 ms.
Unloading 0 Unused Serialized files (Serialized files now loaded: 0)
Unloading 2659 unused Assets / (0.6 MB). Loaded Objects now: 3143.
Memory consumption went from 75.2 MB to 74.6 MB.
Total: 14.018100 ms (FindLiveObjects: 0.400900 ms CreateObjectMapping: 0.354900 ms MarkObjects: 12.264600 ms  DeleteObjects: 0.996200 ms)

Prepare: number of updated asset objects reloaded= 0
========================================================================
Received Import Request.
  Time since last request: 46.518569 seconds.
  path: Assets/com.edia.uxf/Editor/Scripts/Etc
  artifactKey: Guid(b22ca310c4930a04fad2687761e50773) Importer(815301076,1909f56bfc062723c751e8b465ee728b)
Start importing Assets/com.edia.uxf/Editor/Scripts/Etc using Guid(b22ca310c4930a04fad2687761e50773) Importer(815301076,1909f56bfc062723c751e8b465ee728b) (PreviewImporter) -> (artifact id: 'b5784c1a7ad7bb892e39a9101da25918') in 0.0030947 seconds
Number of updated asset objects reloaded before import = 0Number of asset objects unloaded after import = 0

========================================================================
Received Import Request.
  Time since last request: 6.294277 seconds.
  path: Assets/com.edia.uxf/Editor/Scripts/UI
  artifactKey: Guid(25b7d3d036807cf4ca2bbae75e4d7479) Importer(815301076,1909f56bfc062723c751e8b465ee728b)
Start importing Assets/com.edia.uxf/Editor/Scripts/UI using Guid(25b7d3d036807cf4ca2bbae75e4d7479) Importer(815301076,1909f56bfc062723c751e8b465ee728b) (PreviewImporter) -> (artifact id: 'e2030497ee49420947dc3151e60d3c18') in 0.0006736 seconds
Number of updated asset objects reloaded before import = 0Number of asset objects unloaded after import = 0

========================================================================
Received Import Request.
  Time since last request: 0.980106 seconds.
  path: Assets/com.edia.uxf/Editor/Scripts/UI/Form
  artifactKey: Guid(57d03db2f4871bf40bb3405070e88c2f) Importer(815301076,1909f56bfc062723c751e8b465ee728b)
Start importing Assets/com.edia.uxf/Editor/Scripts/UI/Form using Guid(57d03db2f4871bf40bb3405070e88c2f) Importer(815301076,1909f56bfc062723c751e8b465ee728b) (PreviewImporter) -> (artifact id: '54194160f635e16d0c558f4fbe7b246c') in 0.0006662 seconds
Number of updated asset objects reloaded before import = 0Number of asset objects unloaded after import = 0

========================================================================
Received Import Request.
  Time since last request: 1.391735 seconds.
  path: Assets/com.edia.uxf/Editor/Scripts/UI/Form/FormElementEntryDrawer.cs
  artifactKey: Guid(cf752175a89a1694d971a805db48c06f) Importer(815301076,1909f56bfc062723c751e8b465ee728b)
Start importing Assets/com.edia.uxf/Editor/Scripts/UI/Form/FormElementEntryDrawer.cs using Guid(cf752175a89a1694d971a805db48c06f) Importer(815301076,1909f56bfc062723c751e8b465ee728b) (PreviewImporter) -> (artifact id: '55fec821df8b29c08cab60d586d2e60e') in 0.0006915 seconds
Number of updated asset objects reloaded before import = 0Number of asset objects unloaded after import = 0

========================================================================
Received Import Request.
  Time since last request: 44.151288 seconds.
  path: Assets/DevelopmentScene.unity
  artifactKey: Guid(2209ad5e36a6fc7488290f2faee97cfe) Importer(2089858483,192608db42251d675da83286b1cce702)
Start importing Assets/DevelopmentScene.unity using Guid(2209ad5e36a6fc7488290f2faee97cfe) Importer(2089858483,192608db42251d675da83286b1cce702) (ScriptedImporter) -> (artifact id: '15c32a4d60a65bd899dfec78649a76b7') in 0.1362838 seconds
Number of updated asset objects reloaded before import = 0Number of asset objects unloaded after import = 1

========================================================================
Received Import Request.
  Time since last request: 0.000273 seconds.
  path: Assets/com.edia.uxf/Runtime/Plugins/StandaloneFileBrowser.jslib
  artifactKey: Guid(2daf211a1361b504db1123e8eda2a16f) Importer(2089858483,192608db42251d675da83286b1cce702)
Start importing Assets/com.edia.uxf/Runtime/Plugins/StandaloneFileBrowser.jslib using Guid(2daf211a1361b504db1123e8eda2a16f) Importer(2089858483,192608db42251d675da83286b1cce702) (ScriptedImporter) -> (artifact id: '261a10b066f162b50eacbd0cc1e6762b') in 0.0577615 seconds
Number of updated asset objects reloaded before import = 0Number of asset objects unloaded after import = 0

========================================================================
Received Import Request.
  Time since last request: 0.000148 seconds.
  path: Assets/com.edia.uxf/Runtime/Scripts/DataHandling/FileSaver.cs
  artifactKey: Guid(c998d809839214b438495bbe6d805bd0) Importer(2089858483,192608db42251d675da83286b1cce702)
Start importing Assets/com.edia.uxf/Runtime/Scripts/DataHandling/FileSaver.cs using Guid(c998d809839214b438495bbe6d805bd0) Importer(2089858483,192608db42251d675da83286b1cce702) (ScriptedImporter) -> (artifact id: '791dedc3c8659af6647eedc41aa00b85') in 0.0249102 seconds
Number of updated asset objects reloaded before import = 0Number of asset objects unloaded after import = 1

========================================================================
Received Import Request.
  Time since last request: 0.000143 seconds.
  path: Assets/com.edia.uxf/Runtime/Scripts/Etc/UXFDataTable.cs
  artifactKey: Guid(e282e2f10e4d836489e8b2bc27e1f9ee) Importer(2089858483,192608db42251d675da83286b1cce702)
Start importing Assets/com.edia.uxf/Runtime/Scripts/Etc/UXFDataTable.cs using Guid(e282e2f10e4d836489e8b2bc27e1f9ee) Importer(2089858483,192608db42251d675da83286b1cce702) (ScriptedImporter) -> (artifact id: '12e71c835f9fa52fd3ea14ebe0ad65f6') in 0.0229489 seconds
Number of updated asset objects reloaded before import = 0Number of asset objects unloaded after import = 0

========================================================================
Received Import Request.
  Time since last request: 0.000150 seconds.
  path: Assets/com.edia.uxf/Runtime/Fonts/Roboto-BoldItalic.ttf
  artifactKey: Guid(f326aa0e9efcbc24faf62d8758964e1d) Importer(2089858483,192608db42251d675da83286b1cce702)
Start importing Assets/com.edia.uxf/Runtime/Fonts/Roboto-BoldItalic.ttf using Guid(f326aa0e9efcbc24faf62d8758964e1d) Importer(2089858483,192608db42251d675da83286b1cce702) (ScriptedImporter) -> (artifact id: 'd5c8a5c6b979381884175419e183e8cb') in 0.0644078 seconds
Number of updated asset objects reloaded before import = 0Number of asset objects unloaded after import = 3

========================================================================
Received Import Request.
  Time since last request: 0.000102 seconds.
  path: Assets/com.edia.uxf/Runtime/Sprites/banner-tp-small.png
  artifactKey: Guid(1484202381119544f8d8777cfe02c9cd) Importer(2089858483,192608db42251d675da83286b1cce702)
Start importing Assets/com.edia.uxf/Runtime/Sprites/banner-tp-small.png using Guid(1484202381119544f8d8777cfe02c9cd) Importer(2089858483,192608db42251d675da83286b1cce702) (ScriptedImporter) -> (artifact id: '0570ed26dba266120f122649c5748ac2') in 0.0932244 seconds
Number of updated asset objects reloaded before import = 0Number of asset objects unloaded after import = 3

========================================================================
Received Import Request.
  Time since last request: 0.000048 seconds.
  path: Assets/com.edia.uxf/Editor/Scripts/Etc/UXFBuildPreprocessor.cs
  artifactKey: Guid(62104f0afb07068479bc5db03aa2d5fb) Importer(2089858483,192608db42251d675da83286b1cce702)
Start importing Assets/com.edia.uxf/Editor/Scripts/Etc/UXFBuildPreprocessor.cs using Guid(62104f0afb07068479bc5db03aa2d5fb) Importer(2089858483,192608db42251d675da83286b1cce702) (ScriptedImporter) -> (artifact id: '6e7c01cde8806c7fbae88239ab012d05') in 0.0160218 seconds
Number of updated asset objects reloaded before import = 0Number of asset objects unloaded after import = 0

========================================================================
Received Import Request.
  Time since last request: 0.000240 seconds.
  path: Assets/com.edia.uxf/Runtime/Prefabs/UI/DropDownFormElement.prefab
  artifactKey: Guid(9e81924d28cd0d849a13e5abce816d3a) Importer(2089858483,192608db42251d675da83286b1cce702)
Start importing Assets/com.edia.uxf/Runtime/Prefabs/UI/DropDownFormElement.prefab using Guid(9e81924d28cd0d849a13e5abce816d3a) Importer(2089858483,192608db42251d675da83286b1cce702) (ScriptedImporter) -> (artifact id: 'b8c20f8564e45fe45fc6e00b049d107e') in 0.1147632 seconds
Number of updated asset objects reloaded before import = 0Number of asset objects unloaded after import = 73

========================================================================
Received Import Request.
  Time since last request: 0.000034 seconds.
  path: Assets/com.edia.uxf/Runtime/Scripts/Etc/Constants.cs
  artifactKey: Guid(ff7698730444f334781e051e92acb419) Importer(2089858483,192608db42251d675da83286b1cce702)
Start importing Assets/com.edia.uxf/Runtime/Scripts/Etc/Constants.cs using Guid(ff7698730444f334781e051e92acb419) Importer(2089858483,192608db42251d675da83286b1cce702) (ScriptedImporter) -> (artifact id: '06f96ed3effacd31e83d3234312f1326') in 0.0192736 seconds
Number of updated asset objects reloaded before import = 0Number of asset objects unloaded after import = 0

========================================================================
Received Import Request.
  Time since last request: 0.000211 seconds.
  path: Assets/com.edia.uxf/Runtime/Scripts/UI/KeypressEvent.cs
  artifactKey: Guid(081aba3052b62fc42b908b9d1a65a0f8) Importer(2089858483,192608db42251d675da83286b1cce702)
Start importing Assets/com.edia.uxf/Runtime/Scripts/UI/KeypressEvent.cs using Guid(081aba3052b62fc42b908b9d1a65a0f8) Importer(2089858483,192608db42251d675da83286b1cce702) (ScriptedImporter) -> (artifact id: 'ade0364b2645efe2ba538b92ed212f16') in 0.0196994 seconds
Number of updated asset objects reloaded before import = 0Number of asset objects unloaded after import = 1

========================================================================
Received Import Request.
  Time since last request: 0.000123 seconds.
  path: Assets/com.edia.uxf/Editor/Scripts/Etc/HideIf/Utilities.cs
  artifactKey: Guid(c83ade9584a7bf24abd4020af4426d3e) Importer(2089858483,192608db42251d675da83286b1cce702)
Start importing Assets/com.edia.uxf/Editor/Scripts/Etc/HideIf/Utilities.cs using Guid(c83ade9584a7bf24abd4020af4426d3e) Importer(2089858483,192608db42251d675da83286b1cce702) (ScriptedImporter) -> (artifact id: 'f92a25b9fc1c5de82dae0b2cc3961427') in 0.0177566 seconds
Number of updated asset objects reloaded before import = 0Number of asset objects unloaded after import = 0

========================================================================
Received Import Request.
  Time since last request: 0.000168 seconds.
  path: Assets/com.edia.uxf/Runtime/Scripts/UI/LocalDirectorySelector.cs
  artifactKey: Guid(5747e520a80c72849886c32bbce2b181) Importer(2089858483,192608db42251d675da83286b1cce702)
Start importing Assets/com.edia.uxf/Runtime/Scripts/UI/LocalDirectorySelector.cs using Guid(5747e520a80c72849886c32bbce2b181) Importer(2089858483,192608db42251d675da83286b1cce702) (ScriptedImporter) -> (artifact id: 'b0a850a3b126ca6ddc661db7bd4a609e') in 0.0174412 seconds
Number of updated asset objects reloaded before import = 0Number of asset objects unloaded after import = 1

========================================================================
Received Import Request.
  Time since last request: 0.000049 seconds.
  path: Assets/com.edia.uxf/Tests/Editor/TestUILogic.cs
  artifactKey: Guid(7a83afde833adfd4eadada9ccb10fdcd) Importer(2089858483,192608db42251d675da83286b1cce702)
Start importing Assets/com.edia.uxf/Tests/Editor/TestUILogic.cs using Guid(7a83afde833adfd4eadada9ccb10fdcd) Importer(2089858483,192608db42251d675da83286b1cce702) (ScriptedImporter) -> (artifact id: '40758204e7cb4ad7701bf69c06a0e283') in 0.0176422 seconds
Number of updated asset objects reloaded before import = 0Number of asset objects unloaded after import = 0

========================================================================
Received Import Request.
  Time since last request: 0.000160 seconds.
  path: Assets/com.edia.uxf/Runtime/Scripts/UI/PPIDRandomGenerator.cs
  artifactKey: Guid(330023be939756b41b52054a3d796152) Importer(2089858483,192608db42251d675da83286b1cce702)
Start importing Assets/com.edia.uxf/Runtime/Scripts/UI/PPIDRandomGenerator.cs using Guid(330023be939756b41b52054a3d796152) Importer(2089858483,192608db42251d675da83286b1cce702) (ScriptedImporter) -> (artifact id: '94fdca1d548adf59a3dc1c635081b4df') in 0.0182972 seconds
Number of updated asset objects reloaded before import = 0Number of asset objects unloaded after import = 1

========================================================================
Received Import Request.
  Time since last request: 0.000102 seconds.
  path: Assets/com.edia.uxf/Tests/Editor/TestBuildingFromCSV.cs
  artifactKey: Guid(5e376ce67d23e944d8a387949d879b04) Importer(2089858483,192608db42251d675da83286b1cce702)
Start importing Assets/com.edia.uxf/Tests/Editor/TestBuildingFromCSV.cs using Guid(5e376ce67d23e944d8a387949d879b04) Importer(2089858483,192608db42251d675da83286b1cce702) (ScriptedImporter) -> (artifact id: 'd51704bf42b63628f118c52a26d55667') in 0.0154759 seconds
Number of updated asset objects reloaded before import = 0Number of asset objects unloaded after import = 0

========================================================================
Received Import Request.
  Time since last request: 0.000176 seconds.
  path: Assets/com.edia.uxf/Runtime/Scripts/DataHandling/DownloadOrCopyHandler.cs
  artifactKey: Guid(c017d82f4d1f4a04daefaab585dcbcca) Importer(2089858483,192608db42251d675da83286b1cce702)
Start importing Assets/com.edia.uxf/Runtime/Scripts/DataHandling/DownloadOrCopyHandler.cs using Guid(c017d82f4d1f4a04daefaab585dcbcca) Importer(2089858483,192608db42251d675da83286b1cce702) (ScriptedImporter) -> (artifact id: '768260f66115a1b22c7462c5e8f2c437') in 0.017332 seconds
Number of updated asset objects reloaded before import = 0Number of asset objects unloaded after import = 1

========================================================================
Received Import Request.
  Time since last request: 0.000025 seconds.
  path: Assets/com.edia.uxf/Runtime/Prefabs/UI/WebFileElement.prefab
  artifactKey: Guid(7c12eedbd5f4e9742aecfaac8b2f1d72) Importer(2089858483,192608db42251d675da83286b1cce702)
Start importing Assets/com.edia.uxf/Runtime/Prefabs/UI/WebFileElement.prefab using Guid(7c12eedbd5f4e9742aecfaac8b2f1d72) Importer(2089858483,192608db42251d675da83286b1cce702) (ScriptedImporter) -> (artifact id: '0dcde889a3b585a48f24849a98e4eb8a') in 0.0662212 seconds
Number of updated asset objects reloaded before import = 0Number of asset objects unloaded after import = 34

========================================================================
Received Import Request.
  Time since last request: 0.000023 seconds.
  path: Assets/com.edia.uxf/Editor/Scripts/Etc/AWSCredentialsEditor.cs
  artifactKey: Guid(6840265525ea00d47986fd7fefdea049) Importer(2089858483,192608db42251d675da83286b1cce702)
Start importing Assets/com.edia.uxf/Editor/Scripts/Etc/AWSCredentialsEditor.cs using Guid(6840265525ea00d47986fd7fefdea049) Importer(2089858483,192608db42251d675da83286b1cce702) (ScriptedImporter) -> (artifact id: '4cb15557376b85c32995626212241b73') in 0.0163367 seconds
Number of updated asset objects reloaded before import = 0Number of asset objects unloaded after import = 0

========================================================================
Received Import Request.
  Time since last request: 0.000142 seconds.
  path: Assets/com.edia.uxf/Runtime/Scripts/UI/InputFieldKeyboardReturnEvent.cs
  artifactKey: Guid(6e9a84d1c40839f4ab54e854a5f15b8d) Importer(2089858483,192608db42251d675da83286b1cce702)
Start importing Assets/com.edia.uxf/Runtime/Scripts/UI/InputFieldKeyboardReturnEvent.cs using Guid(6e9a84d1c40839f4ab54e854a5f15b8d) Importer(2089858483,192608db42251d675da83286b1cce702) (ScriptedImporter) -> (artifact id: '58ce04e368cbe3a51b91ac2c8d4e8efa') in 0.0180049 seconds
Number of updated asset objects reloaded before import = 0Number of asset objects unloaded after import = 1

========================================================================
Received Import Request.
  Time since last request: 0.000086 seconds.
  path: Assets/com.edia.uxf/package.json
  artifactKey: Guid(54d25e2c696d60749ac12242a88d4c87) Importer(2089858483,192608db42251d675da83286b1cce702)
Start importing Assets/com.edia.uxf/package.json using Guid(54d25e2c696d60749ac12242a88d4c87) Importer(2089858483,192608db42251d675da83286b1cce702) (ScriptedImporter) -> (artifact id: 'c728247f1ad7f75ecafd8d5ebfb811ca') in 0.0253687 seconds
Number of updated asset objects reloaded before import = 0Number of asset objects unloaded after import = 1

========================================================================
Received Import Request.
  Time since last request: 0.000151 seconds.
  path: Assets/com.edia.uxf/VERSION.txt
  artifactKey: Guid(ee04e43df99a47541bda32ec18dfd354) Importer(2089858483,192608db42251d675da83286b1cce702)
Start importing Assets/com.edia.uxf/VERSION.txt using Guid(ee04e43df99a47541bda32ec18dfd354) Importer(2089858483,192608db42251d675da83286b1cce702) (ScriptedImporter) -> (artifact id: '55045d273ad0357cce451dfd59115bcb') in 0.0154557 seconds
Number of updated asset objects reloaded before import = 0Number of asset objects unloaded after import = 1

========================================================================
Received Import Request.
  Time since last request: 0.000124 seconds.
  path: Assets/com.edia.uxf/Runtime/Scripts/Etc/ReadOnlyAttribute.cs
  artifactKey: Guid(ff226bd792a9a5a4f859c3e35749790b) Importer(2089858483,192608db42251d675da83286b1cce702)
Start importing Assets/com.edia.uxf/Runtime/Scripts/Etc/ReadOnlyAttribute.cs using Guid(ff226bd792a9a5a4f859c3e35749790b) Importer(2089858483,192608db42251d675da83286b1cce702) (ScriptedImporter) -> (artifact id: '9bd70e87ee2ed6709913b05b908cd6ad') in 0.0152618 seconds
Number of updated asset objects reloaded before import = 0Number of asset objects unloaded after import = 0

========================================================================
Received Import Request.
  Time since last request: 0.000179 seconds.
  path: Assets/com.edia.uxf/Runtime/Scripts/Etc/IExperimentUnit.cs
  artifactKey: Guid(3e3a74047b2ed4444805603977ee1b3a) Importer(2089858483,192608db42251d675da83286b1cce702)
Start importing Assets/com.edia.uxf/Runtime/Scripts/Etc/IExperimentUnit.cs using Guid(3e3a74047b2ed4444805603977ee1b3a) Importer(2089858483,192608db42251d675da83286b1cce702) (ScriptedImporter) -> (artifact id: '55eabfb23b5209db72f60296c0a7b5b3') in 0.0172669 seconds
Number of updated asset objects reloaded before import = 0Number of asset objects unloaded after import = 0

========================================================================
Received Import Request.
  Time since last request: 0.000160 seconds.
  path: Assets/com.edia.uxf/Runtime/Scripts/UI/FadeImage.cs
  artifactKey: Guid(f282d2444213a5d4f9705a2f6e9fac6b) Importer(2089858483,192608db42251d675da83286b1cce702)
Start importing Assets/com.edia.uxf/Runtime/Scripts/UI/FadeImage.cs using Guid(f282d2444213a5d4f9705a2f6e9fac6b) Importer(2089858483,192608db42251d675da83286b1cce702) (ScriptedImporter) -> (artifact id: '403c18bfe42f3dff8e533b4c8d4ddc1c') in 0.0171557 seconds
Number of updated asset objects reloaded before import = 0Number of asset objects unloaded after import = 1

========================================================================
Received Import Request.
  Time since last request: 0.000089 seconds.
  path: Assets/com.edia.uxf/Runtime/Scripts/UI/NoteElementController.cs
  artifactKey: Guid(5820bf91b856ace409fbfccd061c7143) Importer(2089858483,192608db42251d675da83286b1cce702)
Start importing Assets/com.edia.uxf/Runtime/Scripts/UI/NoteElementController.cs using Guid(5820bf91b856ace409fbfccd061c7143) Importer(2089858483,192608db42251d675da83286b1cce702) (ScriptedImporter) -> (artifact id: 'be58d80dc5a823cab79cafa006db6c4a') in 0.0172036 seconds
Number of updated asset objects reloaded before import = 0Number of asset objects unloaded after import = 1

========================================================================
Received Import Request.
  Time since last request: 0.000121 seconds.
  path: Assets/com.edia.uxf/Runtime/Prefabs/UI/TextFormElement.prefab
  artifactKey: Guid(15c278d5156bae1489e9a38ad279bee2) Importer(2089858483,192608db42251d675da83286b1cce702)
Start importing Assets/com.edia.uxf/Runtime/Prefabs/UI/TextFormElement.prefab using Guid(15c278d5156bae1489e9a38ad279bee2) Importer(2089858483,192608db42251d675da83286b1cce702) (ScriptedImporter) -> (artifact id: '66e9053bf422f2504a7867cf12c4be14') in 0.0416712 seconds
Number of updated asset objects reloaded before import = 0Number of asset objects unloaded after import = 40

========================================================================
Received Import Request.
  Time since last request: 0.000025 seconds.
  path: Assets/com.edia.uxf/Runtime/Scripts/Etc/Tracker.cs
  artifactKey: Guid(c4f3a3956a7d23649a55f93fefa9f7b3) Importer(2089858483,192608db42251d675da83286b1cce702)
Start importing Assets/com.edia.uxf/Runtime/Scripts/Etc/Tracker.cs using Guid(c4f3a3956a7d23649a55f93fefa9f7b3) Importer(2089858483,192608db42251d675da83286b1cce702) (ScriptedImporter) -> (artifact id: '49a14d38165ce9115ec151a9f37e0ccf') in 0.0166799 seconds
Number of updated asset objects reloaded before import = 0Number of asset objects unloaded after import = 1

========================================================================
Received Import Request.
  Time since last request: 0.000058 seconds.
  path: Assets/com.edia.uxf/Runtime/Scripts/Etc/InspectorButton.cs
  artifactKey: Guid(ec94f66aaf96c6c419528d84a2ee4964) Importer(2089858483,192608db42251d675da83286b1cce702)
Start importing Assets/com.edia.uxf/Runtime/Scripts/Etc/InspectorButton.cs using Guid(ec94f66aaf96c6c419528d84a2ee4964) Importer(2089858483,192608db42251d675da83286b1cce702) (ScriptedImporter) -> (artifact id: '4693540a91f80fdd4983d48d3a8883c9') in 0.0168659 seconds
Number of updated asset objects reloaded before import = 0Number of asset objects unloaded after import = 1

========================================================================
Received Import Request.
  Time since last request: 0.000075 seconds.
  path: Assets/com.edia.uxf/Runtime/Sprites/folder-icon.png
  artifactKey: Guid(8a07f7b2703311449a1bdc7fb911d192) Importer(2089858483,192608db42251d675da83286b1cce702)
Start importing Assets/com.edia.uxf/Runtime/Sprites/folder-icon.png using Guid(8a07f7b2703311449a1bdc7fb911d192) Importer(2089858483,192608db42251d675da83286b1cce702) (ScriptedImporter) -> (artifact id: 'b3dde59abb0afb268537233936af4555') in 0.0427988 seconds
Number of updated asset objects reloaded before import = 0Number of asset objects unloaded after import = 3

========================================================================
Received Import Request.
  Time since last request: 0.000079 seconds.
  path: Assets/com.edia.uxf/Runtime/Scripts/Etc/CameraDisplayOverride.cs
  artifactKey: Guid(77541ad5916737c4e82604fe222a1899) Importer(2089858483,192608db42251d675da83286b1cce702)
Start importing Assets/com.edia.uxf/Runtime/Scripts/Etc/CameraDisplayOverride.cs using Guid(77541ad5916737c4e82604fe222a1899) Importer(2089858483,192608db42251d675da83286b1cce702) (ScriptedImporter) -> (artifact id: '6af59750401c750d9657ad4346f2d2c9') in 0.0169147 seconds
Number of updated asset objects reloaded before import = 0Number of asset objects unloaded after import = 1

========================================================================
Received Import Request.
  Time since last request: 0.000058 seconds.
  path: Assets/com.edia.uxf/Editor/Scripts/Etc/TrackerEditor.cs
  artifactKey: Guid(09a75289d2d4c3541ac3fd17bde77628) Importer(2089858483,192608db42251d675da83286b1cce702)
Start importing Assets/com.edia.uxf/Editor/Scripts/Etc/TrackerEditor.cs using Guid(09a75289d2d4c3541ac3fd17bde77628) Importer(2089858483,192608db42251d675da83286b1cce702) (ScriptedImporter) -> (artifact id: 'cf2e7d831faf3e58d0422ab429969b97') in 0.0155455 seconds
Number of updated asset objects reloaded before import = 0Number of asset objects unloaded after import = 0

========================================================================
Received Import Request.
  Time since last request: 0.000166 seconds.
  path: Assets/com.edia.uxf/Runtime/Plugins/AWSJS.jslib
  artifactKey: Guid(6baa0a47901cbc945b3ac543935ee892) Importer(2089858483,192608db42251d675da83286b1cce702)
Start importing Assets/com.edia.uxf/Runtime/Plugins/AWSJS.jslib using Guid(6baa0a47901cbc945b3ac543935ee892) Importer(2089858483,192608db42251d675da83286b1cce702) (ScriptedImporter) -> (artifact id: '3fc7f6fae43ec4ae6694d152b413816b') in 0.0163744 seconds
Number of updated asset objects reloaded before import = 0Number of asset objects unloaded after import = 0

========================================================================
Received Import Request.
  Time since last request: 0.000174 seconds.
  path: Assets/com.edia.uxf/Runtime/Scripts/Etc/HideIf/HideIfExampleScript.cs
  artifactKey: Guid(4e0b4280ec592844c86a7e7a595a89eb) Importer(2089858483,192608db42251d675da83286b1cce702)
Start importing Assets/com.edia.uxf/Runtime/Scripts/Etc/HideIf/HideIfExampleScript.cs using Guid(4e0b4280ec592844c86a7e7a595a89eb) Importer(2089858483,192608db42251d675da83286b1cce702) (ScriptedImporter) -> (artifact id: 'a40af34b50fc042d58f87dc90d968214') in 0.0153415 seconds
Number of updated asset objects reloaded before import = 0Number of asset objects unloaded after import = 0

========================================================================
Received Import Request.
  Time since last request: 0.000182 seconds.
  path: Assets/com.edia.uxf/Runtime/Scripts/UI/Form/FormElement.cs
  artifactKey: Guid(e62d33c83c20a154a95029aefc30368d) Importer(2089858483,192608db42251d675da83286b1cce702)
Start importing Assets/com.edia.uxf/Runtime/Scripts/UI/Form/FormElement.cs using Guid(e62d33c83c20a154a95029aefc30368d) Importer(2089858483,192608db42251d675da83286b1cce702) (ScriptedImporter) -> (artifact id: '1f1cb5b3de87a268d20665c5bb6f18e9') in 0.0169114 seconds
Number of updated asset objects reloaded before import = 0Number of asset objects unloaded after import = 1

========================================================================
Received Import Request.
  Time since last request: 0.000085 seconds.
  path: Assets/com.edia.uxf/Runtime/Scripts/UI/StandaloneFileBrowser/StandaloneFileBrowser.cs
  artifactKey: Guid(3c708be74128e4ced9b79eaaf80e8443) Importer(2089858483,192608db42251d675da83286b1cce702)
Start importing Assets/com.edia.uxf/Runtime/Scripts/UI/StandaloneFileBrowser/StandaloneFileBrowser.cs using Guid(3c708be74128e4ced9b79eaaf80e8443) Importer(2089858483,192608db42251d675da83286b1cce702) (ScriptedImporter) -> (artifact id: 'aedc6bf22b99cff7dddd43d80d81af03') in 0.0164609 seconds
Number of updated asset objects reloaded before import = 0Number of asset objects unloaded after import = 0

========================================================================
Received Import Request.
  Time since last request: 0.000306 seconds.
  path: Assets/com.edia.uxf/Runtime/Scripts/UI/Form/CheckboxElementSetup.cs
  artifactKey: Guid(305cf04f80c81b44eb73d03081b370e6) Importer(2089858483,192608db42251d675da83286b1cce702)
Start importing Assets/com.edia.uxf/Runtime/Scripts/UI/Form/CheckboxElementSetup.cs using Guid(305cf04f80c81b44eb73d03081b370e6) Importer(2089858483,192608db42251d675da83286b1cce702) (ScriptedImporter) -> (artifact id: 'e1281eb5556e26abfcfeab9d057bfc6d') in 0.016863 seconds
Number of updated asset objects reloaded before import = 0Number of asset objects unloaded after import = 1

========================================================================
Received Import Request.
  Time since last request: 0.000059 seconds.
  path: Assets/com.edia.uxf/Runtime/Scripts/UI/StandaloneFileBrowser/StandaloneFileBrowserLinux.cs
  artifactKey: Guid(5d3a668018554b8a89c3fe12de72b60c) Importer(2089858483,192608db42251d675da83286b1cce702)
Start importing Assets/com.edia.uxf/Runtime/Scripts/UI/StandaloneFileBrowser/StandaloneFileBrowserLinux.cs using Guid(5d3a668018554b8a89c3fe12de72b60c) Importer(2089858483,192608db42251d675da83286b1cce702) (ScriptedImporter) -> (artifact id: '18b20b997239fe7f28014db54723e176') in 0.0154664 seconds
Number of updated asset objects reloaded before import = 0Number of asset objects unloaded after import = 0

========================================================================
Received Import Request.
  Time since last request: 0.000465 seconds.
  path: Assets/com.edia.uxf/Runtime/Scripts/UI/StandaloneFileBrowser/StandaloneFileBrowserMac.cs
  artifactKey: Guid(bcb49ddb0ed5644fda9c3b055cafa27a) Importer(2089858483,192608db42251d675da83286b1cce702)
Start importing Assets/com.edia.uxf/Runtime/Scripts/UI/StandaloneFileBrowser/StandaloneFileBrowserMac.cs using Guid(bcb49ddb0ed5644fda9c3b055cafa27a) Importer(2089858483,192608db42251d675da83286b1cce702) (ScriptedImporter) -> (artifact id: '2c5633c9c003ef6670403cc2919d7989') in 0.0157475 seconds
Number of updated asset objects reloaded before import = 0Number of asset objects unloaded after import = 0

========================================================================
Received Import Request.
  Time since last request: 0.000164 seconds.
  path: Assets/com.edia.uxf/Runtime/Scripts/Etc/HideIf/HideIfAttribute.cs
  artifactKey: Guid(d277673f78394ea4ca5884a6d2c65d99) Importer(2089858483,192608db42251d675da83286b1cce702)
Start importing Assets/com.edia.uxf/Runtime/Scripts/Etc/HideIf/HideIfAttribute.cs using Guid(d277673f78394ea4ca5884a6d2c65d99) Importer(2089858483,192608db42251d675da83286b1cce702) (ScriptedImporter) -> (artifact id: 'e955ecedf576294164e7d06583b7bbec') in 0.0180544 seconds
Number of updated asset objects reloaded before import = 0Number of asset objects unloaded after import = 0

========================================================================
Received Import Request.
  Time since last request: 0.000194 seconds.
  path: Assets/com.edia.uxf/Tests/Editor/TestSessionBuilding.cs
  artifactKey: Guid(cdf06cf1f1f71704e8e0245b35c871d8) Importer(2089858483,192608db42251d675da83286b1cce702)
Start importing Assets/com.edia.uxf/Tests/Editor/TestSessionBuilding.cs using Guid(cdf06cf1f1f71704e8e0245b35c871d8) Importer(2089858483,192608db42251d675da83286b1cce702) (ScriptedImporter) -> (artifact id: 'c768f0f8f74777d6715cfa9dcaaa56e8') in 0.0165011 seconds
Number of updated asset objects reloaded before import = 0Number of asset objects unloaded after import = 0

========================================================================
Received Import Request.
  Time since last request: 0.000141 seconds.
  path: Assets/com.edia.uxf/Tests/com.edia.uxf.Tests.asmdef
  artifactKey: Guid(18ad672f2a1e2154484f973c24bad229) Importer(2089858483,192608db42251d675da83286b1cce702)
Start importing Assets/com.edia.uxf/Tests/com.edia.uxf.Tests.asmdef using Guid(18ad672f2a1e2154484f973c24bad229) Importer(2089858483,192608db42251d675da83286b1cce702) (ScriptedImporter) -> (artifact id: '45d5056ede5417e28c8c117de2f97eff') in 0.0255402 seconds
Number of updated asset objects reloaded before import = 0Number of asset objects unloaded after import = 1

========================================================================
Received Import Request.
  Time since last request: 0.000164 seconds.
  path: Assets/com.edia.uxf/Runtime/Scripts/UI/Form/TextElementSetup.cs
  artifactKey: Guid(c35caf712715a0943b86664313936db6) Importer(2089858483,192608db42251d675da83286b1cce702)
Start importing Assets/com.edia.uxf/Runtime/Scripts/UI/Form/TextElementSetup.cs using Guid(c35caf712715a0943b86664313936db6) Importer(2089858483,192608db42251d675da83286b1cce702) (ScriptedImporter) -> (artifact id: '6adff787135343c8733a71f9952a988a') in 0.0164148 seconds
Number of updated asset objects reloaded before import = 0Number of asset objects unloaded after import = 1

========================================================================
Received Import Request.
  Time since last request: 0.000052 seconds.
  path: Assets/com.edia.uxf/Editor/Scripts/Etc/SessionEditor.cs
  artifactKey: Guid(ce05258a2e75e2043a8e50d8ec45b0aa) Importer(2089858483,192608db42251d675da83286b1cce702)
Start importing Assets/com.edia.uxf/Editor/Scripts/Etc/SessionEditor.cs using Guid(ce05258a2e75e2043a8e50d8ec45b0aa) Importer(2089858483,192608db42251d675da83286b1cce702) (ScriptedImporter) -> (artifact id: '968ff6629bcb64fd953c049c4b218dde') in 0.0167955 seconds
Number of updated asset objects reloaded before import = 0Number of asset objects unloaded after import = 0

========================================================================
Received Import Request.
  Time since last request: 0.000172 seconds.
  path: Assets/com.edia.uxf/Runtime/Scripts/Etc/Settings.cs
  artifactKey: Guid(3644e8609e319b74a81fbce9f6253544) Importer(2089858483,192608db42251d675da83286b1cce702)
Start importing Assets/com.edia.uxf/Runtime/Scripts/Etc/Settings.cs using Guid(3644e8609e319b74a81fbce9f6253544) Importer(2089858483,192608db42251d675da83286b1cce702) (ScriptedImporter) -> (artifact id: '40b6e1a8cb39e4cf38e616351d44ab4f') in 0.0174357 seconds
Number of updated asset objects reloaded before import = 0Number of asset objects unloaded after import = 1

========================================================================
Received Import Request.
  Time since last request: 0.000057 seconds.
  path: Assets/com.edia.uxf/Runtime/Scripts/SessionLogger.cs
  artifactKey: Guid(325d8bc56dfbdf4439627ee58ed3a5a4) Importer(2089858483,192608db42251d675da83286b1cce702)
Start importing Assets/com.edia.uxf/Runtime/Scripts/SessionLogger.cs using Guid(325d8bc56dfbdf4439627ee58ed3a5a4) Importer(2089858483,192608db42251d675da83286b1cce702) (ScriptedImporter) -> (artifact id: 'b11c0832eaa547f17af8083f84475715') in 0.0182444 seconds
Number of updated asset objects reloaded before import = 0Number of asset objects unloaded after import = 1

========================================================================
Received Import Request.
  Time since last request: 0.000059 seconds.
  path: Assets/com.edia.uxf/Runtime/Sprites/note-icon.png
  artifactKey: Guid(c5936e80d7f00884abcbf5528beb6885) Importer(2089858483,192608db42251d675da83286b1cce702)
Start importing Assets/com.edia.uxf/Runtime/Sprites/note-icon.png using Guid(c5936e80d7f00884abcbf5528beb6885) Importer(2089858483,192608db42251d675da83286b1cce702) (ScriptedImporter) -> (artifact id: 'c646529873b721ce1ac02608978ad9eb') in 0.0370304 seconds
Number of updated asset objects reloaded before import = 0Number of asset objects unloaded after import = 3

========================================================================
Received Import Request.
  Time since last request: 0.000090 seconds.
  path: Assets/com.edia.uxf/Editor/Scripts/Etc/EditorExtensions.cs
  artifactKey: Guid(c9cd7bfe0a4642342959131da8b576ea) Importer(2089858483,192608db42251d675da83286b1cce702)
Start importing Assets/com.edia.uxf/Editor/Scripts/Etc/EditorExtensions.cs using Guid(c9cd7bfe0a4642342959131da8b576ea) Importer(2089858483,192608db42251d675da83286b1cce702) (ScriptedImporter) -> (artifact id: '7f5d97330c913ac4782f12416416fa5e') in 0.016902 seconds
Number of updated asset objects reloaded before import = 0Number of asset objects unloaded after import = 0

========================================================================
Received Import Request.
  Time since last request: 0.000110 seconds.
  path: Assets/com.edia.uxf/Runtime/Scripts/ApplicationHandler.cs
  artifactKey: Guid(d778ec9c292f1194a910cb94deb76b74) Importer(2089858483,192608db42251d675da83286b1cce702)
Start importing Assets/com.edia.uxf/Runtime/Scripts/ApplicationHandler.cs using Guid(d778ec9c292f1194a910cb94deb76b74) Importer(2089858483,192608db42251d675da83286b1cce702) (ScriptedImporter) -> (artifact id: '8a55bcf9c401360573257b808f0b8b72') in 0.0191785 seconds
Number of updated asset objects reloaded before import = 0Number of asset objects unloaded after import = 1

========================================================================
Received Import Request.
  Time since last request: 0.000122 seconds.
  path: Assets/com.edia.uxf/Runtime/Fonts/Roboto-Regular.ttf
  artifactKey: Guid(aa68c802ab1f37947958cd5ff239cccd) Importer(2089858483,192608db42251d675da83286b1cce702)
Start importing Assets/com.edia.uxf/Runtime/Fonts/Roboto-Regular.ttf using Guid(aa68c802ab1f37947958cd5ff239cccd) Importer(2089858483,192608db42251d675da83286b1cce702) (ScriptedImporter) -> (artifact id: 'e498f291a53bdc277fb47838ad9bfa83') in 0.0239259 seconds
Number of updated asset objects reloaded before import = 0Number of asset objects unloaded after import = 3

========================================================================
Received Import Request.
  Time since last request: 0.000135 seconds.
  path: Assets/com.edia.uxf/Tests/Editor/TestSettings.cs
  artifactKey: Guid(224dde838351c4b45b45d2b15b50e23d) Importer(2089858483,192608db42251d675da83286b1cce702)
Start importing Assets/com.edia.uxf/Tests/Editor/TestSettings.cs using Guid(224dde838351c4b45b45d2b15b50e23d) Importer(2089858483,192608db42251d675da83286b1cce702) (ScriptedImporter) -> (artifact id: '71e1f30e72de0c7c3808fa1185586dd5') in 0.0154297 seconds
Number of updated asset objects reloaded before import = 0Number of asset objects unloaded after import = 0

========================================================================
Received Import Request.
  Time since last request: 0.000173 seconds.
  path: Assets/com.edia.uxf/Runtime/Plugins/Ookii.Dialogs.dll
  artifactKey: Guid(f835878ba2858c54e831a102ba331e0e) Importer(2089858483,192608db42251d675da83286b1cce702)
Start importing Assets/com.edia.uxf/Runtime/Plugins/Ookii.Dialogs.dll using Guid(f835878ba2858c54e831a102ba331e0e) Importer(2089858483,192608db42251d675da83286b1cce702) (ScriptedImporter) -> (artifact id: '2943fe4f71d9179d7bd2be8ea6120cb0') in 0.0162643 seconds
Number of updated asset objects reloaded before import = 0Number of asset objects unloaded after import = 0

========================================================================
Received Import Request.
  Time since last request: 0.000199 seconds.
  path: Assets/com.edia.uxf/Runtime/Fonts/Roboto-Italic.ttf
  artifactKey: Guid(462ca698e4a492b41946b73aa88ba4c5) Importer(2089858483,192608db42251d675da83286b1cce702)
Start importing Assets/com.edia.uxf/Runtime/Fonts/Roboto-Italic.ttf using Guid(462ca698e4a492b41946b73aa88ba4c5) Importer(2089858483,192608db42251d675da83286b1cce702) (ScriptedImporter) -> (artifact id: '02afa6e00887bb64aa268112fc935f08') in 0.021605 seconds
Number of updated asset objects reloaded before import = 0Number of asset objects unloaded after import = 3

========================================================================
Received Import Request.
  Time since last request: 0.000103 seconds.
  path: Assets/com.edia.uxf/Runtime/Scripts/Etc/SessionExtensions.cs
  artifactKey: Guid(26b6c0e63dec3af4aa21faa7e79b3272) Importer(2089858483,192608db42251d675da83286b1cce702)
Start importing Assets/com.edia.uxf/Runtime/Scripts/Etc/SessionExtensions.cs using Guid(26b6c0e63dec3af4aa21faa7e79b3272) Importer(2089858483,192608db42251d675da83286b1cce702) (ScriptedImporter) -> (artifact id: '76dd207fe13adec460a2648c9fbd2928') in 0.0173025 seconds
Number of updated asset objects reloaded before import = 0Number of asset objects unloaded after import = 0

========================================================================
Received Import Request.
  Time since last request: 0.000149 seconds.
  path: Assets/com.edia.uxf/Runtime/Scripts/Etc/Events.cs
  artifactKey: Guid(e46fd110181ebdc46b07900a86aa8436) Importer(2089858483,192608db42251d675da83286b1cce702)
Start importing Assets/com.edia.uxf/Runtime/Scripts/Etc/Events.cs using Guid(e46fd110181ebdc46b07900a86aa8436) Importer(2089858483,192608db42251d675da83286b1cce702) (ScriptedImporter) -> (artifact id: '07ebbe4b0357f4e417698fc9b70b82c1') in 0.016035 seconds
Number of updated asset objects reloaded before import = 0Number of asset objects unloaded after import = 1

========================================================================
Received Import Request.
  Time since last request: 0.000076 seconds.
  path: Assets/com.edia.uxf/Runtime/Scripts/UI/PopupController.cs
  artifactKey: Guid(67aacb5d557b4114fa72a9609b39010e) Importer(2089858483,192608db42251d675da83286b1cce702)
Start importing Assets/com.edia.uxf/Runtime/Scripts/UI/PopupController.cs using Guid(67aacb5d557b4114fa72a9609b39010e) Importer(2089858483,192608db42251d675da83286b1cce702) (ScriptedImporter) -> (artifact id: 'f4cfac323880d15813fa75692b5aabc5') in 0.0156493 seconds
Number of updated asset objects reloaded before import = 0Number of asset objects unloaded after import = 1

========================================================================
Received Import Request.
  Time since last request: 0.000067 seconds.
  path: Assets/com.edia.uxf/Editor/Scripts/Etc/UXFWizard.cs
  artifactKey: Guid(34beebcbecb21fc4fb04c3b12da52d46) Importer(2089858483,192608db42251d675da83286b1cce702)
Start importing Assets/com.edia.uxf/Editor/Scripts/Etc/UXFWizard.cs using Guid(34beebcbecb21fc4fb04c3b12da52d46) Importer(2089858483,192608db42251d675da83286b1cce702) (ScriptedImporter) -> (artifact id: 'd4450a6488b16aba491fada263f70294') in 0.0152993 seconds
Number of updated asset objects reloaded before import = 0Number of asset objects unloaded after import = 0

========================================================================
Received Import Request.
  Time since last request: 0.000243 seconds.
  path: Assets/com.edia.uxf/Editor/Scripts/Etc/ReadOnlyDrawer.cs
  artifactKey: Guid(69272644fc0b92047a4e7b1a54d7584e) Importer(2089858483,192608db42251d675da83286b1cce702)
Start importing Assets/com.edia.uxf/Editor/Scripts/Etc/ReadOnlyDrawer.cs using Guid(69272644fc0b92047a4e7b1a54d7584e) Importer(2089858483,192608db42251d675da83286b1cce702) (ScriptedImporter) -> (artifact id: '95e1066d7c315f6c67f263d69456a3cd') in 0.0175678 seconds
Number of updated asset objects reloaded before import = 0Number of asset objects unloaded after import = 0

========================================================================
Received Import Request.
  Time since last request: 0.000277 seconds.
  path: Assets/com.edia.uxf/Editor/Scripts/Etc/UIControllerEditor.cs
  artifactKey: Guid(b282b08bfda132b4e993cb3d04f67743) Importer(2089858483,192608db42251d675da83286b1cce702)
Start importing Assets/com.edia.uxf/Editor/Scripts/Etc/UIControllerEditor.cs using Guid(b282b08bfda132b4e993cb3d04f67743) Importer(2089858483,192608db42251d675da83286b1cce702) (ScriptedImporter) -> (artifact id: '2ed5ce24dfd4f41e23c7b857d463ccc6') in 0.0166785 seconds
Number of updated asset objects reloaded before import = 0Number of asset objects unloaded after import = 0

========================================================================
Received Import Request.
  Time since last request: 0.000189 seconds.
  path: Assets/com.edia.uxf/Runtime/Scripts/Trackers/MouseScreenTracker.cs
  artifactKey: Guid(b99d2b308dea76e40be378a283c52caa) Importer(2089858483,192608db42251d675da83286b1cce702)
Start importing Assets/com.edia.uxf/Runtime/Scripts/Trackers/MouseScreenTracker.cs using Guid(b99d2b308dea76e40be378a283c52caa) Importer(2089858483,192608db42251d675da83286b1cce702) (ScriptedImporter) -> (artifact id: '70335eebd69c65ecfe2833d8cff4a96a') in 0.0177086 seconds
Number of updated asset objects reloaded before import = 0Number of asset objects unloaded after import = 1

========================================================================
Received Import Request.
  Time since last request: 0.000060 seconds.
  path: Assets/com.edia.uxf/Runtime/Prefabs/UI/CheckBoxFormElement.prefab
  artifactKey: Guid(da40aded34758074fb14ee4fa6273f94) Importer(2089858483,192608db42251d675da83286b1cce702)
Start importing Assets/com.edia.uxf/Runtime/Prefabs/UI/CheckBoxFormElement.prefab using Guid(da40aded34758074fb14ee4fa6273f94) Importer(2089858483,192608db42251d675da83286b1cce702) (ScriptedImporter) -> (artifact id: '28807bd140e719dc025539c877b77735') in 0.0705709 seconds
Number of updated asset objects reloaded before import = 0Number of asset objects unloaded after import = 33

========================================================================
Received Import Request.
  Time since last request: 0.000025 seconds.
  path: Assets/com.edia.uxf/Editor/Scripts/UI/Form/FormElementEntryDrawer.cs
  artifactKey: Guid(cf752175a89a1694d971a805db48c06f) Importer(2089858483,192608db42251d675da83286b1cce702)
Start importing Assets/com.edia.uxf/Editor/Scripts/UI/Form/FormElementEntryDrawer.cs using Guid(cf752175a89a1694d971a805db48c06f) Importer(2089858483,192608db42251d675da83286b1cce702) (ScriptedImporter) -> (artifact id: 'f5ae6cbd72396eba4eb99a70798ae3d9') in 0.0185084 seconds
Number of updated asset objects reloaded before import = 0Number of asset objects unloaded after import = 0

========================================================================
Received Import Request.
  Time since last request: 0.000184 seconds.
  path: Assets/com.edia.uxf/Runtime/Fonts/RobotoMono-Regular.ttf
  artifactKey: Guid(8e3115908ec235d438039dbac1d40964) Importer(2089858483,192608db42251d675da83286b1cce702)
Start importing Assets/com.edia.uxf/Runtime/Fonts/RobotoMono-Regular.ttf using Guid(8e3115908ec235d438039dbac1d40964) Importer(2089858483,192608db42251d675da83286b1cce702) (ScriptedImporter) -> (artifact id: '65b6705195a2dda8efb9fb2d814998b7') in 0.0222837 seconds
Number of updated asset objects reloaded before import = 0Number of asset objects unloaded after import = 3

========================================================================
Received Import Request.
  Time since last request: 0.000107 seconds.
  path: Assets/com.edia.uxf/Runtime/Scripts/SessionBuilders/CSVExperimentBuilder.cs
  artifactKey: Guid(d1fe0b00bbf05d14bb1fc6c4e94ed461) Importer(2089858483,192608db42251d675da83286b1cce702)
Start importing Assets/com.edia.uxf/Runtime/Scripts/SessionBuilders/CSVExperimentBuilder.cs using Guid(d1fe0b00bbf05d14bb1fc6c4e94ed461) Importer(2089858483,192608db42251d675da83286b1cce702) (ScriptedImporter) -> (artifact id: '2a8bf0a30efaa95919bb72b90a1b947b') in 0.0174595 seconds
Number of updated asset objects reloaded before import = 0Number of asset objects unloaded after import = 1

========================================================================
Received Import Request.
  Time since last request: 0.000047 seconds.
  path: Assets/com.edia.uxf/Runtime/Scripts/UI/InfoBarController.cs
  artifactKey: Guid(e9a54ade6a10140449b3d2a860c382f2) Importer(2089858483,192608db42251d675da83286b1cce702)
Start importing Assets/com.edia.uxf/Runtime/Scripts/UI/InfoBarController.cs using Guid(e9a54ade6a10140449b3d2a860c382f2) Importer(2089858483,192608db42251d675da83286b1cce702) (ScriptedImporter) -> (artifact id: '1f9fe501690825fba205f2f27420f1b5') in 0.0182922 seconds
Number of updated asset objects reloaded before import = 0Number of asset objects unloaded after import = 1

========================================================================
Received Import Request.
  Time since last request: 0.000129 seconds.
  path: Assets/com.edia.uxf/Tests/Editor/TestTrackers.cs
  artifactKey: Guid(d1fc693c703ed024395ab7a57d5f21bc) Importer(2089858483,192608db42251d675da83286b1cce702)
Start importing Assets/com.edia.uxf/Tests/Editor/TestTrackers.cs using Guid(d1fc693c703ed024395ab7a57d5f21bc) Importer(2089858483,192608db42251d675da83286b1cce702) (ScriptedImporter) -> (artifact id: '9d30e781e58e542c5abef677c2e4ace3') in 0.0164744 seconds
Number of updated asset objects reloaded before import = 0Number of asset objects unloaded after import = 0

========================================================================
Received Import Request.
  Time since last request: 0.000202 seconds.
  path: Assets/com.edia.uxf/Runtime/Scripts/Etc/MiniJSON.cs
  artifactKey: Guid(7c69c1a4b858a5445b31f84e76bb05ba) Importer(2089858483,192608db42251d675da83286b1cce702)
Start importing Assets/com.edia.uxf/Runtime/Scripts/Etc/MiniJSON.cs using Guid(7c69c1a4b858a5445b31f84e76bb05ba) Importer(2089858483,192608db42251d675da83286b1cce702) (ScriptedImporter) -> (artifact id: 'de8c08bb1fe3d9287fa4760c01c9865b') in 0.0171232 seconds
Number of updated asset objects reloaded before import = 0Number of asset objects unloaded after import = 0

Editor requested this worker to shutdown with reason: Scaling down because of idle timeout
AssetImportWorker is now disconnected from the server
Process exiting
Exiting without the bug reporter. Application will terminate with return code 0